#
# A fatal error has been detected by the Java Runtime Environment:
#
#  EXCEPTION_ACCESS_VIOLATION (0xc0000005) at pc=0x00007fff6f78ad31, pid=13748, tid=22584
#
# JRE version: OpenJDK Runtime Environment (17.0.11) (build 17.0.11+0--11852314)
# Java VM: OpenJDK 64-Bit Server VM (17.0.11+0--11852314, mixed mode, tiered, compressed oops, compressed class ptrs, g1 gc, windows-amd64)
# Problematic frame:
# V  [jvm.dll+0x6aad31]
#
# No core dump will be written. Minidumps are not enabled by default on client versions of Windows
#
# If you would like to submit a bug report, please visit:
#   https://bugreport.java.com/bugreport/crash.jsp
#

---------------  S U M M A R Y ------------

Command Line: --add-opens=java.base/java.util=ALL-UNNAMED --add-opens=java.base/java.lang=ALL-UNNAMED --add-opens=java.base/java.lang.invoke=ALL-UNNAMED --add-opens=java.prefs/java.util.prefs=ALL-UNNAMED --add-exports=jdk.compiler/com.sun.tools.javac.api=ALL-UNNAMED --add-exports=jdk.compiler/com.sun.tools.javac.util=ALL-UNNAMED --add-opens=java.base/java.nio.charset=ALL-UNNAMED --add-opens=java.base/java.net=ALL-UNNAMED --add-opens=java.base/java.util.concurrent.atomic=ALL-UNNAMED -Xmx2048m -Dfile.encoding=UTF-8 -Duser.country=KR -Duser.language=ko -Duser.variant -javaagent:C:\Users\JJJ_LapTop\.gradle\wrapper\dists\gradle-8.9-bin\90cnw93cvbtalezasaz0blq0a\gradle-8.9\lib\agents\gradle-instrumentation-agent-8.9.jar org.gradle.launcher.daemon.bootstrap.GradleDaemon 8.9

Host: Intel(R) Core(TM) i7-10875H CPU @ 2.30GHz, 16 cores, 63G,  Windows 10 , 64 bit Build 19041 (10.0.19041.4597)
Time: Fri Aug  9 15:36:33 2024  Windows 10 , 64 bit Build 19041 (10.0.19041.4597) elapsed time: 2.028736 seconds (0d 0h 0m 2s)

---------------  T H R E A D  ---------------

Current thread (0x0000018af32837c0):  JavaThread "C2 CompilerThread1" daemon [_thread_in_native, id=22584, stack(0x00000030a3400000,0x00000030a3500000)]


Current CompileTask:
C2:   2028 2621   !   4       java.net.URLClassLoader::findClass (47 bytes)

Stack: [0x00000030a3400000,0x00000030a3500000],  sp=0x00000030a34fba80,  free space=1006k
Native frames: (J=compiled Java code, j=interpreted, Vv=VM code, C=native code)
V  [jvm.dll+0x6aad31]
V  [jvm.dll+0x21ce49]
V  [jvm.dll+0x21b201]
V  [jvm.dll+0x1a63ed]
V  [jvm.dll+0x22b1ee]
V  [jvm.dll+0x229375]
V  [jvm.dll+0x7f5647]
V  [jvm.dll+0x7efa4a]
V  [jvm.dll+0x686a35]
C  [ucrtbase.dll+0x21bb2]
C  [KERNEL32.DLL+0x17374]
C  [ntdll.dll+0x4cc91]


siginfo: EXCEPTION_ACCESS_VIOLATION (0xc0000005), reading address 0x0000000000000000


Registers:
RAX=0x0000000000000000, RBX=0x00000030a34fbc60, RCX=0x0000018af6730d58, RDX=0x0000018af301f1c0
RSP=0x00000030a34fba80, RBP=0x0000000000000a90, RSI=0x0000000000004db0, RDI=0x0000018af6730d58
R8 =0x0000000000000004, R9 =0x0000018af3f84ad0, R10=0x0000018af301f1c0, R11=0x0000018af301f150
R12=0x0000000000000050, R13=0x0000018ad3a3ec20, R14=0x0000000000000000, R15=0x0000018af318d970
RIP=0x00007fff6f78ad31, EFLAGS=0x0000000000010206


Register to memory mapping:

RIP=0x00007fff6f78ad31 jvm.dll
RAX=0x0 is NULL
RBX=0x00000030a34fbc60 is pointing into the stack for thread: 0x0000018af32837c0
RCX=0x0000018af6730d58 points into unknown readable memory: 0x0000000000000000 | 00 00 00 00 00 00 00 00
RDX=0x0000018af301f1c0 points into unknown readable memory: 0x0000002200000001 | 01 00 00 00 22 00 00 00
RSP=0x00000030a34fba80 is pointing into the stack for thread: 0x0000018af32837c0
RBP=0x0000000000000a90 is an unknown value
RSI=0x0000000000004db0 is an unknown value
RDI=0x0000018af6730d58 points into unknown readable memory: 0x0000000000000000 | 00 00 00 00 00 00 00 00
R8 =0x0000000000000004 is an unknown value
R9 =0x0000018af3f84ad0 points into unknown readable memory: 0x00000c1502020302 | 02 03 02 02 15 0c 00 00
R10=0x0000018af301f1c0 points into unknown readable memory: 0x0000002200000001 | 01 00 00 00 22 00 00 00
R11=0x0000018af301f150 points into unknown readable memory: 0x0000018af5789780 | 80 97 78 f5 8a 01 00 00
R12=0x0000000000000050 is an unknown value
R13=0x0000018ad3a3ec20 points into unknown readable memory: 0x00007fff6fa3f910 | 10 f9 a3 6f ff 7f 00 00
R14=0x0 is NULL
R15=0x0000018af318d970 points into unknown readable memory: 0x0000000000000000 | 00 00 00 00 00 00 00 00


Top of Stack: (sp=0x00000030a34fba80)
0x00000030a34fba80:   00000030a34fbc60 0000018af301ef80
0x00000030a34fba90:   0000000100000000 0000018ad3a3ec20
0x00000030a34fbaa0:   00007fff6fa2d020 00007fff6f2fce49
0x00000030a34fbab0:   00000030a34fbbb0 00000030a34fec20
0x00000030a34fbac0:   0000000000000020 0000000000000000
0x00000030a34fbad0:   000000010008a100 0000018aee5757f0
0x00000030a34fbae0:   0000000100098a68 00000030a34fbd08
0x00000030a34fbaf0:   000000010008a150 000000010008a150
0x00000030a34fbb00:   0000018af32837c0 00007fff6f7b2869
0x00000030a34fbb10:   0000000100098a68 0000000100098a68
0x00000030a34fbb20:   0000018af6087308 0000000000028310
0x00000030a34fbb30:   0000000000000000 00007fff6f64b850
0x00000030a34fbb40:   0000000000000002 0000000000000000
0x00000030a34fbb50:   0000018af607f320 0000000000000050
0x00000030a34fbb60:   0000018af3616501 0000018af3616600
0x00000030a34fbb70:   0000018af32837c0 00007fff6f18c665
0x00000030a34fbb80:   0000018af3616580 0000000000000020
0x00000030a34fbb90:   00000030a34fbd08 00007fff6fa294f8
0x00000030a34fbba0:   0000000000000000 0000018af32837c0
0x00000030a34fbbb0:   0000018af3188e00 0000018af607f320
0x00000030a34fbbc0:   0000018af6084990 0000018af6087308
0x00000030a34fbbd0:   0000000000028310 0000018af3188e00
0x00000030a34fbbe0:   0000018af607f320 0000018af6085350
0x00000030a34fbbf0:   0000018af6087308 0000000000028310
0x00000030a34fbc00:   0000018af3610000 0000000000000000
0x00000030a34fbc10:   0000018af3616530 00007fff6f743a00
0x00000030a34fbc20:   0000018af64e2410 00007fff6fa2d020
0x00000030a34fbc30:   0000000000000000 0000000000000000
0x00000030a34fbc40:   0000000000000000 00007fff6fa2d020
0x00000030a34fbc50:   0000018af64e2400 0000018af36178e0
0x00000030a34fbc60:   00007fff6fa9d7c8 0000018a00000005
0x00000030a34fbc70:   00000030a34fec20 00000030a34fee90 

Instructions: (pc=0x00007fff6f78ad31)
0x00007fff6f78ac31:   02 00 00 48 8b cf e8 14 1f a0 ff 48 8b c8 eb 04
0x00007fff6f78ac41:   48 89 47 18 48 89 8b d0 09 00 00 48 8d 81 00 02
0x00007fff6f78ac51:   00 00 48 89 83 c8 09 00 00 33 f6 48 8d 41 f0 48
0x00007fff6f78ac61:   89 6c 24 30 48 89 83 c0 09 00 00 48 8b 43 10 48
0x00007fff6f78ac71:   8b 88 98 07 00 00 8b 83 90 09 00 00 0f 10 01 0f
0x00007fff6f78ac81:   11 83 e0 09 00 00 0f 10 49 10 0f 11 8b f0 09 00
0x00007fff6f78ac91:   00 0f 10 41 20 0f 11 83 00 0a 00 00 0f 10 49 30
0x00007fff6f78aca1:   0f 11 8b 10 0a 00 00 f2 0f 10 41 40 f2 0f 11 83
0x00007fff6f78acb1:   20 0a 00 00 c6 83 b0 09 00 00 01 85 c0 74 4a 8b
0x00007fff6f78acc1:   fe 8b e8 0f 1f 40 00 0f 1f 84 00 00 00 00 00 48
0x00007fff6f78acd1:   8b 83 a0 09 00 00 48 8b 14 07 48 85 d2 74 20 48
0x00007fff6f78ace1:   3b 93 a8 09 00 00 74 17 39 72 20 75 12 48 39 72
0x00007fff6f78acf1:   10 74 0c 48 8d 8b 88 09 00 00 e8 70 22 00 00 48
0x00007fff6f78ad01:   83 c7 08 48 83 ed 01 75 c6 8b 83 f8 09 00 00 85
0x00007fff6f78ad11:   c0 74 53 8b e8 66 66 0f 1f 84 00 00 00 00 00 48
0x00007fff6f78ad21:   8b 83 f0 09 00 00 48 8b 3c 06 48 8b cf 48 8b 07
0x00007fff6f78ad31:   ff 10 05 ff fe ff ff a9 f7 ff ff ff 74 13 8b 4f
0x00007fff6f78ad41:   2c 8b c1 24 07 3c 04 74 08 80 e1 1f 80 f9 10 75
0x00007fff6f78ad51:   0b 48 8b d7 48 8b cb e8 b3 0a 00 00 48 83 c6 08
0x00007fff6f78ad61:   48 83 ed 01 75 b9 48 8b 6c 24 30 48 8b c3 48 8b
0x00007fff6f78ad71:   5c 24 38 48 8b 74 24 40 48 83 c4 20 5f c3 cc 48
0x00007fff6f78ad81:   89 5c 24 08 48 89 74 24 10 57 48 83 ec 20 48 8b
0x00007fff6f78ad91:   da 49 8b f0 ba 10 00 00 00 48 8b f9 e8 1e 07 00
0x00007fff6f78ada1:   00 48 8d 05 97 2a 31 00 48 89 9f 88 09 00 00 48
0x00007fff6f78adb1:   8b 5c 24 30 48 89 07 48 8b c7 48 89 b7 90 09 00
0x00007fff6f78adc1:   00 48 8b 74 24 38 48 83 c4 20 5f c3 cc cc cc 48
0x00007fff6f78add1:   89 5c 24 08 48 89 6c 24 10 48 89 74 24 18 48 89
0x00007fff6f78ade1:   7c 24 20 41 56 48 83 ec 20 48 8b fa 49 8b e8 41
0x00007fff6f78adf1:   8b d1 4c 8b f1 e8 e5 ee ff ff 49 8d 4e 10 e8 fc
0x00007fff6f78ae01:   09 b7 ff 49 8b 4e 08 49 8d 56 10 e8 bf 82 b7 ff
0x00007fff6f78ae11:   49 8b 4e 08 49 8d 56 10 e8 d2 c3 b7 ff 49 8d 56
0x00007fff6f78ae21:   30 48 8b cf e8 b6 2e 00 00 49 8d 56 30 48 8b cd 


Stack slot to memory mapping:
stack at sp + 0 slots: 0x00000030a34fbc60 is pointing into the stack for thread: 0x0000018af32837c0
stack at sp + 1 slots: 0x0000018af301ef80 points into unknown readable memory: 0x00007fff6fa88630 | 30 86 a8 6f ff 7f 00 00
stack at sp + 2 slots: 0x0000000100000000 is pointing into metadata
stack at sp + 3 slots: 0x0000018ad3a3ec20 points into unknown readable memory: 0x00007fff6fa3f910 | 10 f9 a3 6f ff 7f 00 00
stack at sp + 4 slots: 0x00007fff6fa2d020 jvm.dll
stack at sp + 5 slots: 0x00007fff6f2fce49 jvm.dll
stack at sp + 6 slots: 0x00000030a34fbbb0 is pointing into the stack for thread: 0x0000018af32837c0
stack at sp + 7 slots: 0x00000030a34fec20 is pointing into the stack for thread: 0x0000018af32837c0


---------------  P R O C E S S  ---------------

Threads class SMR info:
_java_thread_list=0x0000018af57e6730, length=29, elements={
0x0000018ad3a27ad0, 0x0000018aee693b40, 0x0000018aee6948d0, 0x0000018aee6e5410,
0x0000018aee6e6df0, 0x0000018aee713950, 0x0000018aee716230, 0x0000018aee71a7e0,
0x0000018aee7231b0, 0x0000018aee736290, 0x0000018aee6208d0, 0x0000018af3018050,
0x0000018af3185830, 0x0000018af32837c0, 0x0000018af46f86f0, 0x0000018af46f8c40,
0x0000018af527f570, 0x0000018af38f18b0, 0x0000018af4f3e560, 0x0000018af5300b20,
0x0000018af5252840, 0x0000018af531cee0, 0x0000018af531e830, 0x0000018af531c9d0,
0x0000018af531b080, 0x0000018af531d900, 0x0000018af531e320, 0x0000018af531baa0,
0x0000018af531d3f0
}

Java Threads: ( => current thread )
  0x0000018ad3a27ad0 JavaThread "main" [_thread_blocked, id=5136, stack(0x00000030a2000000,0x00000030a2100000)]
  0x0000018aee693b40 JavaThread "Reference Handler" daemon [_thread_blocked, id=25404, stack(0x00000030a2700000,0x00000030a2800000)]
  0x0000018aee6948d0 JavaThread "Finalizer" daemon [_thread_blocked, id=23840, stack(0x00000030a2800000,0x00000030a2900000)]
  0x0000018aee6e5410 JavaThread "Signal Dispatcher" daemon [_thread_blocked, id=23432, stack(0x00000030a2900000,0x00000030a2a00000)]
  0x0000018aee6e6df0 JavaThread "Attach Listener" daemon [_thread_blocked, id=22504, stack(0x00000030a2a00000,0x00000030a2b00000)]
  0x0000018aee713950 JavaThread "Service Thread" daemon [_thread_blocked, id=22580, stack(0x00000030a2b00000,0x00000030a2c00000)]
  0x0000018aee716230 JavaThread "Monitor Deflation Thread" daemon [_thread_blocked, id=24448, stack(0x00000030a2c00000,0x00000030a2d00000)]
  0x0000018aee71a7e0 JavaThread "C2 CompilerThread0" daemon [_thread_in_native, id=2672, stack(0x00000030a2d00000,0x00000030a2e00000)]
  0x0000018aee7231b0 JavaThread "C1 CompilerThread0" daemon [_thread_blocked, id=25480, stack(0x00000030a2e00000,0x00000030a2f00000)]
  0x0000018aee736290 JavaThread "Sweeper thread" daemon [_thread_blocked, id=25352, stack(0x00000030a2f00000,0x00000030a3000000)]
  0x0000018aee6208d0 JavaThread "Common-Cleaner" daemon [_thread_blocked, id=22852, stack(0x00000030a3000000,0x00000030a3100000)]
  0x0000018af3018050 JavaThread "C1 CompilerThread1" daemon [_thread_blocked, id=17260, stack(0x00000030a3100000,0x00000030a3200000)]
  0x0000018af3185830 JavaThread "Notification Thread" daemon [_thread_blocked, id=25024, stack(0x00000030a3200000,0x00000030a3300000)]
=>0x0000018af32837c0 JavaThread "C2 CompilerThread1" daemon [_thread_in_native, id=22584, stack(0x00000030a3400000,0x00000030a3500000)]
  0x0000018af46f86f0 JavaThread "C1 CompilerThread2" daemon [_thread_blocked, id=23000, stack(0x00000030a3700000,0x00000030a3800000)]
  0x0000018af46f8c40 JavaThread "C1 CompilerThread3" daemon [_thread_blocked, id=13076, stack(0x00000030a3800000,0x00000030a3900000)]
  0x0000018af527f570 JavaThread "Daemon health stats" [_thread_blocked, id=32, stack(0x00000030a3500000,0x00000030a3600000)]
  0x0000018af38f18b0 JavaThread "Incoming local TCP Connector on port 7007" [_thread_in_native, id=1744, stack(0x00000030a3600000,0x00000030a3700000)]
  0x0000018af4f3e560 JavaThread "Daemon periodic checks" [_thread_blocked, id=27460, stack(0x00000030a4500000,0x00000030a4600000)]
  0x0000018af5300b20 JavaThread "Daemon" [_thread_blocked, id=10780, stack(0x00000030a4600000,0x00000030a4700000)]
  0x0000018af5252840 JavaThread "Handler for socket connection from /127.0.0.1:7007 to /127.0.0.1:7008" [_thread_in_native, id=27392, stack(0x00000030a4700000,0x00000030a4800000)]
  0x0000018af531cee0 JavaThread "Cancel handler" [_thread_blocked, id=25984, stack(0x00000030a4800000,0x00000030a4900000)]
  0x0000018af531e830 JavaThread "Daemon worker" [_thread_in_vm, id=10424, stack(0x00000030a4900000,0x00000030a4a00000)]
  0x0000018af531c9d0 JavaThread "Asynchronous log dispatcher for DefaultDaemonConnection: socket connection from /127.0.0.1:7007 to /127.0.0.1:7008" [_thread_blocked, id=12404, stack(0x00000030a4a00000,0x00000030a4b00000)]
  0x0000018af531b080 JavaThread "Stdin handler" [_thread_blocked, id=16488, stack(0x00000030a4b00000,0x00000030a4c00000)]
  0x0000018af531d900 JavaThread "Daemon client event forwarder" [_thread_blocked, id=6780, stack(0x00000030a4c00000,0x00000030a4d00000)]
  0x0000018af531e320 JavaThread "Cache worker for journal cache (C:\Users\JJJ_LapTop\.gradle\caches\journal-1)" [_thread_blocked, id=12072, stack(0x00000030a4f00000,0x00000030a5000000)]
  0x0000018af531baa0 JavaThread "File lock request listener" [_thread_in_native, id=26296, stack(0x00000030a5000000,0x00000030a5100000)]
  0x0000018af531d3f0 JavaThread "Cache worker for file hash cache (C:\Users\JJJ_LapTop\.gradle\caches\8.9\fileHashes)" [_thread_blocked, id=8740, stack(0x00000030a5100000,0x00000030a5200000)]

Other Threads:
  0x0000018aee691010 VMThread "VM Thread" [stack: 0x00000030a2600000,0x00000030a2700000] [id=8020]
  0x0000018af3189d20 WatcherThread [stack: 0x00000030a3300000,0x00000030a3400000] [id=22604]
  0x0000018ad196e9c0 GCTaskThread "GC Thread#0" [stack: 0x00000030a2100000,0x00000030a2200000] [id=26200]
  0x0000018af434df30 GCTaskThread "GC Thread#1" [stack: 0x00000030a3900000,0x00000030a3a00000] [id=25560]
  0x0000018af434e1f0 GCTaskThread "GC Thread#2" [stack: 0x00000030a3a00000,0x00000030a3b00000] [id=26276]
  0x0000018af3730ba0 GCTaskThread "GC Thread#3" [stack: 0x00000030a3b00000,0x00000030a3c00000] [id=22956]
  0x0000018af3731670 GCTaskThread "GC Thread#4" [stack: 0x00000030a3c00000,0x00000030a3d00000] [id=9668]
  0x0000018af47283b0 GCTaskThread "GC Thread#5" [stack: 0x00000030a3d00000,0x00000030a3e00000] [id=15280]
  0x0000018af4728670 GCTaskThread "GC Thread#6" [stack: 0x00000030a3e00000,0x00000030a3f00000] [id=21656]
  0x0000018af3a938e0 GCTaskThread "GC Thread#7" [stack: 0x00000030a3f00000,0x00000030a4000000] [id=16148]
  0x0000018af3a93fa0 GCTaskThread "GC Thread#8" [stack: 0x00000030a4000000,0x00000030a4100000] [id=26568]
  0x0000018af4096140 GCTaskThread "GC Thread#9" [stack: 0x00000030a4100000,0x00000030a4200000] [id=10008]
  0x0000018af47a39f0 GCTaskThread "GC Thread#10" [stack: 0x00000030a4200000,0x00000030a4300000] [id=19360]
  0x0000018af49f5920 GCTaskThread "GC Thread#11" [stack: 0x00000030a4300000,0x00000030a4400000] [id=7256]
  0x0000018af49f5be0 GCTaskThread "GC Thread#12" [stack: 0x00000030a4400000,0x00000030a4500000] [id=25524]
  0x0000018ad3a8ea80 ConcurrentGCThread "G1 Main Marker" [stack: 0x00000030a2200000,0x00000030a2300000] [id=14396]
  0x0000018ad3a90b60 ConcurrentGCThread "G1 Conc#0" [stack: 0x00000030a2300000,0x00000030a2400000] [id=5732]
  0x0000018af49f4060 ConcurrentGCThread "G1 Conc#1" [stack: 0x00000030a4d00000,0x00000030a4e00000] [id=1352]
  0x0000018af49f4b60 ConcurrentGCThread "G1 Conc#2" [stack: 0x00000030a4e00000,0x00000030a4f00000] [id=25848]
  0x0000018aee4f7030 ConcurrentGCThread "G1 Refine#0" [stack: 0x00000030a2400000,0x00000030a2500000] [id=26196]
  0x0000018aee4f7970 ConcurrentGCThread "G1 Service" [stack: 0x00000030a2500000,0x00000030a2600000] [id=23260]

Threads with active compile tasks:
C2 CompilerThread0     2056 2622       4       java.net.URLClassLoader$1::run (5 bytes)
C2 CompilerThread1     2056 2621   !   4       java.net.URLClassLoader::findClass (47 bytes)

VM state: not at safepoint (normal execution)

VM Mutex/Monitor currently owned by a thread: None

Heap address: 0x0000000080000000, size: 2048 MB, Compressed Oops mode: 32-bit

CDS archive(s) not mapped
Compressed class space mapped at: 0x0000000100000000-0x0000000140000000, reserved size: 1073741824
Narrow klass base: 0x0000000000000000, Narrow klass shift: 3, Narrow klass range: 0x140000000

GC Precious Log:
 CPUs: 16 total, 16 available
 Memory: 65392M
 Large Page Support: Disabled
 NUMA Support: Disabled
 Compressed Oops: Enabled (32-bit)
 Heap Region Size: 1M
 Heap Min Capacity: 8M
 Heap Initial Capacity: 1022M
 Heap Max Capacity: 2G
 Pre-touch: Disabled
 Parallel Workers: 13
 Concurrent Workers: 3
 Concurrent Refinement Workers: 13
 Periodic GC: Disabled

Heap:
 garbage-first heap   total 75776K, used 35355K [0x0000000080000000, 0x0000000100000000)
  region size 1024K, 18 young (18432K), 4 survivors (4096K)
 Metaspace       used 28174K, committed 28480K, reserved 1114112K
  class space    used 3641K, committed 3776K, reserved 1048576K

Heap Regions: E=young(eden), S=young(survivor), O=old, HS=humongous(starts), HC=humongous(continues), CS=collection set, F=free, OA=open archive, CA=closed archive, TAMS=top-at-mark-start (previous, next)
|   0|0x0000000080000000, 0x0000000080100000, 0x0000000080100000|100%|HS|  |TAMS 0x0000000080100000, 0x0000000080000000| Complete 
|   1|0x0000000080100000, 0x0000000080200000, 0x0000000080200000|100%|HC|  |TAMS 0x0000000080200000, 0x0000000080100000| Complete 
|   2|0x0000000080200000, 0x0000000080300000, 0x0000000080300000|100%|HC|  |TAMS 0x0000000080300000, 0x0000000080200000| Complete 
|   3|0x0000000080300000, 0x0000000080400000, 0x0000000080400000|100%|HC|  |TAMS 0x0000000080400000, 0x0000000080300000| Complete 
|   4|0x0000000080400000, 0x0000000080500000, 0x0000000080500000|100%| O|  |TAMS 0x0000000080500000, 0x0000000080400000| Untracked 
|   5|0x0000000080500000, 0x0000000080600000, 0x0000000080600000|100%|HS|  |TAMS 0x0000000080600000, 0x0000000080500000| Complete 
|   6|0x0000000080600000, 0x0000000080700000, 0x0000000080700000|100%| O|  |TAMS 0x0000000080600000, 0x0000000080600000| Untracked 
|   7|0x0000000080700000, 0x0000000080800000, 0x0000000080800000|100%| O|  |TAMS 0x0000000080800000, 0x0000000080700000| Untracked 
|   8|0x0000000080800000, 0x0000000080900000, 0x0000000080900000|100%| O|  |TAMS 0x0000000080900000, 0x0000000080800000| Untracked 
|   9|0x0000000080900000, 0x0000000080a00000, 0x0000000080a00000|100%| O|  |TAMS 0x0000000080a00000, 0x0000000080900000| Untracked 
|  10|0x0000000080a00000, 0x0000000080b00000, 0x0000000080b00000|100%| O|  |TAMS 0x0000000080b00000, 0x0000000080a00000| Untracked 
|  11|0x0000000080b00000, 0x0000000080c00000, 0x0000000080c00000|100%| O|  |TAMS 0x0000000080c00000, 0x0000000080b00000| Untracked 
|  12|0x0000000080c00000, 0x0000000080d00000, 0x0000000080d00000|100%| O|  |TAMS 0x0000000080d00000, 0x0000000080c00000| Untracked 
|  13|0x0000000080d00000, 0x0000000080df5c00, 0x0000000080e00000| 95%| O|  |TAMS 0x0000000080df5c00, 0x0000000080d00000| Untracked 
|  14|0x0000000080e00000, 0x0000000080f00000, 0x0000000080f00000|100%| O|  |TAMS 0x0000000080e00000, 0x0000000080e00000| Untracked 
|  15|0x0000000080f00000, 0x0000000081000000, 0x0000000081000000|100%| O|  |TAMS 0x0000000080f00000, 0x0000000080f00000| Untracked 
|  16|0x0000000081000000, 0x0000000081100000, 0x0000000081100000|100%| O|  |TAMS 0x0000000081000000, 0x0000000081000000| Untracked 
|  17|0x0000000081100000, 0x0000000081200000, 0x0000000081200000|100%| O|  |TAMS 0x0000000081100000, 0x0000000081100000| Untracked 
|  18|0x0000000081200000, 0x00000000812b5800, 0x0000000081300000| 70%| O|  |TAMS 0x0000000081200000, 0x0000000081200000| Untracked 
|  19|0x0000000081300000, 0x0000000081300000, 0x0000000081400000|  0%| F|  |TAMS 0x0000000081300000, 0x0000000081300000| Untracked 
|  20|0x0000000081400000, 0x0000000081400000, 0x0000000081500000|  0%| F|  |TAMS 0x0000000081400000, 0x0000000081400000| Untracked 
|  21|0x0000000081500000, 0x0000000081500000, 0x0000000081600000|  0%| F|  |TAMS 0x0000000081500000, 0x0000000081500000| Untracked 
|  22|0x0000000081600000, 0x0000000081600000, 0x0000000081700000|  0%| F|  |TAMS 0x0000000081600000, 0x0000000081600000| Untracked 
|  23|0x0000000081700000, 0x0000000081700000, 0x0000000081800000|  0%| F|  |TAMS 0x0000000081700000, 0x0000000081700000| Untracked 
|  24|0x0000000081800000, 0x0000000081800000, 0x0000000081900000|  0%| F|  |TAMS 0x0000000081800000, 0x0000000081800000| Untracked 
|  25|0x0000000081900000, 0x0000000081900000, 0x0000000081a00000|  0%| F|  |TAMS 0x0000000081900000, 0x0000000081900000| Untracked 
|  26|0x0000000081a00000, 0x0000000081adbad8, 0x0000000081b00000| 85%| S|CS|TAMS 0x0000000081a00000, 0x0000000081a00000| Complete 
|  27|0x0000000081b00000, 0x0000000081c00000, 0x0000000081c00000|100%| S|CS|TAMS 0x0000000081b00000, 0x0000000081b00000| Complete 
|  28|0x0000000081c00000, 0x0000000081d00000, 0x0000000081d00000|100%| S|CS|TAMS 0x0000000081c00000, 0x0000000081c00000| Complete 
|  29|0x0000000081d00000, 0x0000000081e00000, 0x0000000081e00000|100%| S|CS|TAMS 0x0000000081d00000, 0x0000000081d00000| Complete 
|  30|0x0000000081e00000, 0x0000000081e00000, 0x0000000081f00000|  0%| F|  |TAMS 0x0000000081e00000, 0x0000000081e00000| Untracked 
|  31|0x0000000081f00000, 0x0000000081f00000, 0x0000000082000000|  0%| F|  |TAMS 0x0000000081f00000, 0x0000000081f00000| Untracked 
|  32|0x0000000082000000, 0x0000000082000000, 0x0000000082100000|  0%| F|  |TAMS 0x0000000082000000, 0x0000000082000000| Untracked 
|  33|0x0000000082100000, 0x0000000082100000, 0x0000000082200000|  0%| F|  |TAMS 0x0000000082100000, 0x0000000082100000| Untracked 
|  34|0x0000000082200000, 0x0000000082200000, 0x0000000082300000|  0%| F|  |TAMS 0x0000000082200000, 0x0000000082200000| Untracked 
|  35|0x0000000082300000, 0x0000000082300000, 0x0000000082400000|  0%| F|  |TAMS 0x0000000082300000, 0x0000000082300000| Untracked 
|  36|0x0000000082400000, 0x0000000082400000, 0x0000000082500000|  0%| F|  |TAMS 0x0000000082400000, 0x0000000082400000| Untracked 
|  37|0x0000000082500000, 0x0000000082500000, 0x0000000082600000|  0%| F|  |TAMS 0x0000000082500000, 0x0000000082500000| Untracked 
|  38|0x0000000082600000, 0x0000000082600000, 0x0000000082700000|  0%| F|  |TAMS 0x0000000082600000, 0x0000000082600000| Untracked 
|  39|0x0000000082700000, 0x0000000082700000, 0x0000000082800000|  0%| F|  |TAMS 0x0000000082700000, 0x0000000082700000| Untracked 
|  40|0x0000000082800000, 0x0000000082800000, 0x0000000082900000|  0%| F|  |TAMS 0x0000000082800000, 0x0000000082800000| Untracked 
|  41|0x0000000082900000, 0x0000000082900000, 0x0000000082a00000|  0%| F|  |TAMS 0x0000000082900000, 0x0000000082900000| Untracked 
|  42|0x0000000082a00000, 0x0000000082a00000, 0x0000000082b00000|  0%| F|  |TAMS 0x0000000082a00000, 0x0000000082a00000| Untracked 
|  43|0x0000000082b00000, 0x0000000082b00000, 0x0000000082c00000|  0%| F|  |TAMS 0x0000000082b00000, 0x0000000082b00000| Untracked 
|  44|0x0000000082c00000, 0x0000000082c00000, 0x0000000082d00000|  0%| F|  |TAMS 0x0000000082c00000, 0x0000000082c00000| Untracked 
|  45|0x0000000082d00000, 0x0000000082d00000, 0x0000000082e00000|  0%| F|  |TAMS 0x0000000082d00000, 0x0000000082d00000| Untracked 
|  46|0x0000000082e00000, 0x0000000082e00000, 0x0000000082f00000|  0%| F|  |TAMS 0x0000000082e00000, 0x0000000082e00000| Untracked 
|  47|0x0000000082f00000, 0x0000000082f00000, 0x0000000083000000|  0%| F|  |TAMS 0x0000000082f00000, 0x0000000082f00000| Untracked 
|  48|0x0000000083000000, 0x0000000083000000, 0x0000000083100000|  0%| F|  |TAMS 0x0000000083000000, 0x0000000083000000| Untracked 
|  49|0x0000000083100000, 0x0000000083100000, 0x0000000083200000|  0%| F|  |TAMS 0x0000000083100000, 0x0000000083100000| Untracked 
|  50|0x0000000083200000, 0x0000000083200000, 0x0000000083300000|  0%| F|  |TAMS 0x0000000083200000, 0x0000000083200000| Untracked 
|  51|0x0000000083300000, 0x0000000083300000, 0x0000000083400000|  0%| F|  |TAMS 0x0000000083300000, 0x0000000083300000| Untracked 
|  52|0x0000000083400000, 0x0000000083400000, 0x0000000083500000|  0%| F|  |TAMS 0x0000000083400000, 0x0000000083400000| Untracked 
|  53|0x0000000083500000, 0x0000000083500000, 0x0000000083600000|  0%| F|  |TAMS 0x0000000083500000, 0x0000000083500000| Untracked 
|  54|0x0000000083600000, 0x0000000083600000, 0x0000000083700000|  0%| F|  |TAMS 0x0000000083600000, 0x0000000083600000| Untracked 
|  55|0x0000000083700000, 0x0000000083700000, 0x0000000083800000|  0%| F|  |TAMS 0x0000000083700000, 0x0000000083700000| Untracked 
|  56|0x0000000083800000, 0x0000000083800000, 0x0000000083900000|  0%| F|  |TAMS 0x0000000083800000, 0x0000000083800000| Untracked 
|  57|0x0000000083900000, 0x0000000083900000, 0x0000000083a00000|  0%| F|  |TAMS 0x0000000083900000, 0x0000000083900000| Untracked 
|  58|0x0000000083a00000, 0x0000000083a00000, 0x0000000083b00000|  0%| F|  |TAMS 0x0000000083a00000, 0x0000000083a00000| Untracked 
|  59|0x0000000083b00000, 0x0000000083b00000, 0x0000000083c00000|  0%| F|  |TAMS 0x0000000083b00000, 0x0000000083b00000| Untracked 
|  60|0x0000000083c00000, 0x0000000083c54c90, 0x0000000083d00000| 33%| E|  |TAMS 0x0000000083c00000, 0x0000000083c00000| Complete 
|  61|0x0000000083d00000, 0x0000000083e00000, 0x0000000083e00000|100%| E|CS|TAMS 0x0000000083d00000, 0x0000000083d00000| Complete 
|  62|0x0000000083e00000, 0x0000000083f00000, 0x0000000083f00000|100%| E|CS|TAMS 0x0000000083e00000, 0x0000000083e00000| Complete 
|  63|0x0000000083f00000, 0x0000000084000000, 0x0000000084000000|100%| E|CS|TAMS 0x0000000083f00000, 0x0000000083f00000| Complete 
|  64|0x0000000084000000, 0x0000000084100000, 0x0000000084100000|100%| E|CS|TAMS 0x0000000084000000, 0x0000000084000000| Complete 
| 991|0x00000000bdf00000, 0x00000000be000000, 0x00000000be000000|100%| E|  |TAMS 0x00000000bdf00000, 0x00000000bdf00000| Complete 
| 992|0x00000000be000000, 0x00000000be100000, 0x00000000be100000|100%| E|CS|TAMS 0x00000000be000000, 0x00000000be000000| Complete 
| 993|0x00000000be100000, 0x00000000be200000, 0x00000000be200000|100%| E|CS|TAMS 0x00000000be100000, 0x00000000be100000| Complete 
| 994|0x00000000be200000, 0x00000000be300000, 0x00000000be300000|100%| E|CS|TAMS 0x00000000be200000, 0x00000000be200000| Complete 
| 995|0x00000000be300000, 0x00000000be400000, 0x00000000be400000|100%| E|CS|TAMS 0x00000000be300000, 0x00000000be300000| Complete 
| 996|0x00000000be400000, 0x00000000be500000, 0x00000000be500000|100%| E|CS|TAMS 0x00000000be400000, 0x00000000be400000| Complete 
| 997|0x00000000be500000, 0x00000000be600000, 0x00000000be600000|100%| E|CS|TAMS 0x00000000be500000, 0x00000000be500000| Complete 
| 998|0x00000000be600000, 0x00000000be700000, 0x00000000be700000|100%| E|CS|TAMS 0x00000000be600000, 0x00000000be600000| Complete 
|1021|0x00000000bfd00000, 0x00000000bfe00000, 0x00000000bfe00000|100%| E|CS|TAMS 0x00000000bfd00000, 0x00000000bfd00000| Complete 

Card table byte_map: [0x0000018ae6b90000,0x0000018ae6f90000] _byte_map_base: 0x0000018ae6790000

Marking Bits (Prev, Next): (CMBitMap*) 0x0000018ad3a7e190, (CMBitMap*) 0x0000018ad3a7e150
 Prev Bits: [0x0000018ae9390000, 0x0000018aeb390000)
 Next Bits: [0x0000018ae7390000, 0x0000018ae9390000)

Polling page: 0x0000018ad1a00000

Metaspace:

Usage:
  Non-class:     23.98 MB used.
      Class:      3.56 MB used.
       Both:     27.54 MB used.

Virtual space:
  Non-class space:       64.00 MB reserved,      24.12 MB ( 38%) committed,  1 nodes.
      Class space:        1.00 GB reserved,       3.69 MB ( <1%) committed,  1 nodes.
             Both:        1.06 GB reserved,      27.81 MB (  3%) committed. 

Chunk freelists:
   Non-Class:  7.47 MB
       Class:  12.30 MB
        Both:  19.77 MB

MaxMetaspaceSize: unlimited
CompressedClassSpaceSize: 1.00 GB
Initial GC threshold: 21.00 MB
Current GC threshold: 35.25 MB
CDS: off
MetaspaceReclaimPolicy: balanced
 - commit_granule_bytes: 65536.
 - commit_granule_words: 8192.
 - virtual_space_node_default_size: 8388608.
 - enlarge_chunks_in_place: 1.
 - new_chunks_are_fully_committed: 0.
 - uncommit_free_chunks: 1.
 - use_allocation_guard: 0.
 - handle_deallocations: 1.


Internal statistics:

num_allocs_failed_limit: 3.
num_arena_births: 200.
num_arena_deaths: 0.
num_vsnodes_births: 2.
num_vsnodes_deaths: 0.
num_space_committed: 445.
num_space_uncommitted: 0.
num_chunks_returned_to_freelist: 3.
num_chunks_taken_from_freelist: 879.
num_chunk_merges: 3.
num_chunk_splits: 565.
num_chunks_enlarged: 406.
num_inconsistent_stats: 0.

CodeHeap 'non-profiled nmethods': size=119168Kb used=1396Kb max_used=1396Kb free=117772Kb
 bounds [0x0000018adeaa0000, 0x0000018aded10000, 0x0000018ae5f00000]
CodeHeap 'profiled nmethods': size=119104Kb used=5515Kb max_used=5515Kb free=113589Kb
 bounds [0x0000018ad6f00000, 0x0000018ad7470000, 0x0000018ade350000]
CodeHeap 'non-nmethods': size=7488Kb used=2928Kb max_used=3016Kb free=4559Kb
 bounds [0x0000018ade350000, 0x0000018ade660000, 0x0000018adeaa0000]
 total_blobs=3187 nmethods=2638 adapters=458
 compilation: enabled
              stopped_count=0, restarted_count=0
 full_count=0

Compilation events (20 events):
Event: 1.984 Thread 0x0000018aee7231b0 nmethod 2619 0x0000018ad745a810 code [0x0000018ad745a9a0, 0x0000018ad745aab8]
Event: 2.000 Thread 0x0000018aee71a7e0 2620       4       java.lang.ClassNotFoundException::<init> (7 bytes)
Event: 2.003 Thread 0x0000018aee71a7e0 nmethod 2620 0x0000018adebece10 code [0x0000018adebecfa0, 0x0000018adebed708]
Event: 2.004 Thread 0x0000018af32837c0 nmethod 2528 0x0000018adebed890 code [0x0000018adebee000, 0x0000018adebf7750]
Event: 2.006 Thread 0x0000018af32837c0 2621   !   4       java.net.URLClassLoader::findClass (47 bytes)
Event: 2.006 Thread 0x0000018aee71a7e0 2622       4       java.net.URLClassLoader$1::run (5 bytes)
Event: 2.008 Thread 0x0000018af46f8c40 2624       3       jdk.internal.perf.PerfCounter::getParentDelegationTime (4 bytes)
Event: 2.008 Thread 0x0000018aee7231b0 2625       3       jdk.internal.perf.PerfCounter::addTime (6 bytes)
Event: 2.008 Thread 0x0000018af46f86f0 2626       3       jdk.internal.perf.PerfCounter::getFindClassTime (4 bytes)
Event: 2.008 Thread 0x0000018af3018050 2627       3       jdk.internal.perf.PerfCounter::getFindClasses (4 bytes)
Event: 2.008 Thread 0x0000018af46f8c40 nmethod 2624 0x0000018ad745ab90 code [0x0000018ad745ad20, 0x0000018ad745ae18]
Event: 2.008 Thread 0x0000018af46f86f0 nmethod 2626 0x0000018ad745ae90 code [0x0000018ad745b020, 0x0000018ad745b118]
Event: 2.008 Thread 0x0000018af3018050 nmethod 2627 0x0000018ad745b190 code [0x0000018ad745b320, 0x0000018ad745b418]
Event: 2.008 Thread 0x0000018aee7231b0 nmethod 2625 0x0000018ad745b490 code [0x0000018ad745b620, 0x0000018ad745b768]
Event: 2.009 Thread 0x0000018aee7231b0 2628       3       org.gradle.internal.service.RelevantMethods$RelevantMethodsBuilder::add (101 bytes)
Event: 2.010 Thread 0x0000018af46f8c40 2629   !   3       sun.reflect.annotation.AnnotationParser::parseClassValue (56 bytes)
Event: 2.010 Thread 0x0000018af46f8c40 nmethod 2629 0x0000018ad745b810 code [0x0000018ad745ba40, 0x0000018ad745bfe8]
Event: 2.010 Thread 0x0000018aee7231b0 nmethod 2628 0x0000018ad745c310 code [0x0000018ad745c5e0, 0x0000018ad745d328]
Event: 2.010 Thread 0x0000018aee7231b0 2631       3       sun.reflect.annotation.AnnotationInvocationHandler::cloneArray (143 bytes)
Event: 2.011 Thread 0x0000018aee7231b0 nmethod 2631 0x0000018ad745d910 code [0x0000018ad745dc00, 0x0000018ad745ef68]

GC Heap History (8 events):
Event: 0.737 GC heap before
{Heap before GC invocations=0 (full 0):
 garbage-first heap   total 1046528K, used 56320K [0x0000000080000000, 0x0000000100000000)
  region size 1024K, 51 young (52224K), 0 survivors (0K)
 Metaspace       used 11840K, committed 12032K, reserved 1114112K
  class space    used 1243K, committed 1344K, reserved 1048576K
}
Event: 0.741 GC heap after
{Heap after GC invocations=1 (full 0):
 garbage-first heap   total 1046528K, used 11671K [0x0000000080000000, 0x0000000100000000)
  region size 1024K, 7 young (7168K), 7 survivors (7168K)
 Metaspace       used 11840K, committed 12032K, reserved 1114112K
  class space    used 1243K, committed 1344K, reserved 1048576K
}
Event: 1.238 GC heap before
{Heap before GC invocations=1 (full 0):
 garbage-first heap   total 1046528K, used 67991K [0x0000000080000000, 0x0000000100000000)
  region size 1024K, 60 young (61440K), 7 survivors (7168K)
 Metaspace       used 15643K, committed 15936K, reserved 1114112K
  class space    used 1727K, committed 1856K, reserved 1048576K
}
Event: 1.243 GC heap after
{Heap after GC invocations=2 (full 0):
 garbage-first heap   total 1046528K, used 19335K [0x0000000080000000, 0x0000000100000000)
  region size 1024K, 6 young (6144K), 6 survivors (6144K)
 Metaspace       used 15643K, committed 15936K, reserved 1114112K
  class space    used 1727K, committed 1856K, reserved 1048576K
}
Event: 1.609 GC heap before
{Heap before GC invocations=2 (full 0):
 garbage-first heap   total 1046528K, used 41863K [0x0000000080000000, 0x0000000100000000)
  region size 1024K, 29 young (29696K), 6 survivors (6144K)
 Metaspace       used 21246K, committed 21504K, reserved 1114112K
  class space    used 2476K, committed 2624K, reserved 1048576K
}
Event: 1.611 GC heap after
{Heap after GC invocations=3 (full 0):
 garbage-first heap   total 1046528K, used 21188K [0x0000000080000000, 0x0000000100000000)
  region size 1024K, 8 young (8192K), 8 survivors (8192K)
 Metaspace       used 21246K, committed 21504K, reserved 1114112K
  class space    used 2476K, committed 2624K, reserved 1048576K
}
Event: 1.949 GC heap before
{Heap before GC invocations=4 (full 0):
 garbage-first heap   total 75776K, used 58052K [0x0000000080000000, 0x0000000100000000)
  region size 1024K, 44 young (45056K), 8 survivors (8192K)
 Metaspace       used 26579K, committed 26880K, reserved 1114112K
  class space    used 3357K, committed 3456K, reserved 1048576K
}
Event: 1.953 GC heap after
{Heap after GC invocations=5 (full 0):
 garbage-first heap   total 75776K, used 23067K [0x0000000080000000, 0x0000000100000000)
  region size 1024K, 4 young (4096K), 4 survivors (4096K)
 Metaspace       used 26579K, committed 26880K, reserved 1114112K
  class space    used 3357K, committed 3456K, reserved 1048576K
}

Dll operation events (3 events):
Event: 0.005 Loaded shared library C:\Program Files\Android\Android Studio1\jbr\bin\java.dll
Event: 0.117 Loaded shared library C:\Program Files\Android\Android Studio1\jbr\bin\zip.dll
Event: 0.391 Loaded shared library C:\Program Files\Android\Android Studio1\jbr\bin\verify.dll

Deoptimization events (20 events):
Event: 1.777 Thread 0x0000018af531e830 DEOPT PACKING pc=0x0000018ad6fe623d sp=0x00000030a49fa460
Event: 1.777 Thread 0x0000018af531e830 DEOPT UNPACKING pc=0x0000018ade3a7143 sp=0x00000030a49f98f8 mode 0
Event: 1.803 Thread 0x0000018af531e830 Uncommon trap: trap_request=0xffffff45 fr.pc=0x0000018adeac2090 relative=0x0000000000000a30
Event: 1.803 Thread 0x0000018af531e830 Uncommon trap: reason=unstable_if action=reinterpret pc=0x0000018adeac2090 method=java.io.WinNTFileSystem.resolve(Ljava/lang/String;Ljava/lang/String;)Ljava/lang/String; @ 19 c2
Event: 1.803 Thread 0x0000018af531e830 DEOPT PACKING pc=0x0000018adeac2090 sp=0x00000030a49fb340
Event: 1.803 Thread 0x0000018af531e830 DEOPT UNPACKING pc=0x0000018ade3a69a3 sp=0x00000030a49fb2f8 mode 2
Event: 1.804 Thread 0x0000018af531e830 Uncommon trap: trap_request=0xffffff45 fr.pc=0x0000018adeb3aa60 relative=0x0000000000000620
Event: 1.804 Thread 0x0000018af531e830 Uncommon trap: reason=unstable_if action=reinterpret pc=0x0000018adeb3aa60 method=java.io.File.getName()Ljava/lang/String; @ 16 c2
Event: 1.804 Thread 0x0000018af531e830 DEOPT PACKING pc=0x0000018adeb3aa60 sp=0x00000030a49fb300
Event: 1.804 Thread 0x0000018af531e830 DEOPT UNPACKING pc=0x0000018ade3a69a3 sp=0x00000030a49fb2d0 mode 2
Event: 1.831 Thread 0x0000018af531e830 Uncommon trap: trap_request=0xffffff45 fr.pc=0x0000018adeac7004 relative=0x00000000000000e4
Event: 1.831 Thread 0x0000018af531e830 Uncommon trap: reason=unstable_if action=reinterpret pc=0x0000018adeac7004 method=java.util.HashMap.hash(Ljava/lang/Object;)I @ 1 c2
Event: 1.831 Thread 0x0000018af531e830 DEOPT PACKING pc=0x0000018adeac7004 sp=0x00000030a49fc070
Event: 1.831 Thread 0x0000018af531e830 DEOPT UNPACKING pc=0x0000018ade3a69a3 sp=0x00000030a49fbfb0 mode 2
Event: 1.933 Thread 0x0000018af531e830 DEOPT PACKING pc=0x0000018ad73e62f1 sp=0x00000030a49fac60
Event: 1.933 Thread 0x0000018af531e830 DEOPT UNPACKING pc=0x0000018ade3a7143 sp=0x00000030a49fa170 mode 0
Event: 1.946 Thread 0x0000018af531e830 DEOPT PACKING pc=0x0000018ad73e6312 sp=0x00000030a49f8300
Event: 1.946 Thread 0x0000018af531e830 DEOPT UNPACKING pc=0x0000018ade3a7143 sp=0x00000030a49f7810 mode 0
Event: 1.957 Thread 0x0000018af531e830 DEOPT PACKING pc=0x0000018ad73e6312 sp=0x00000030a49f9930
Event: 1.957 Thread 0x0000018af531e830 DEOPT UNPACKING pc=0x0000018ade3a7143 sp=0x00000030a49f8e40 mode 0

Classes unloaded (0 events):
No events

Classes redefined (0 events):
No events

Internal exceptions (20 events):
Event: 1.562 Thread 0x0000018af531e830 Exception <a 'java/lang/NoSuchMethodError'{0x00000000becdf3f0}: 'long java.lang.invoke.DirectMethodHandle$Holder.invokeInterface(java.lang.Object, java.lang.Object)'> (0x00000000becdf3f0) 
thrown [s\src\hotspot\share\interpreter\linkResolver.cpp, line 771]
Event: 1.604 Thread 0x0000018af531e830 Exception <a 'java/lang/NoSuchMethodError'{0x00000000be752b98}: 'void java.lang.invoke.DirectMethodHandle$Holder.invokeStatic(java.lang.Object, java.lang.Object)'> (0x00000000be752b98) 
thrown [s\src\hotspot\share\interpreter\linkResolver.cpp, line 771]
Event: 1.623 Thread 0x0000018af531e830 Exception <a 'java/lang/NoSuchMethodError'{0x00000000840b6da8}: 'java.lang.Object java.lang.invoke.DirectMethodHandle$Holder.newInvokeSpecial(java.lang.Object, java.lang.Object, java.lang.Object, java.lang.Object, java.lang.Object)'> (0x00000000840b6da8) 
thrown [s\src\hotspot\share\interpreter\linkResolver.cpp, line 771]
Event: 1.629 Thread 0x0000018af531e830 Exception <a 'java/lang/NoSuchMethodError'{0x0000000083f144a8}: 'int java.lang.invoke.DirectMethodHandle$Holder.invokeVirtual(java.lang.Object, java.lang.Object, java.lang.Object)'> (0x0000000083f144a8) 
thrown [s\src\hotspot\share\interpreter\linkResolver.cpp, line 771]
Event: 1.657 Thread 0x0000018af531e830 Exception <a 'java/lang/NoSuchMethodError'{0x0000000083c216d0}: 'java.lang.Object java.lang.invoke.DirectMethodHandle$Holder.newInvokeSpecial(java.lang.Object, java.lang.Object, java.lang.Object, java.lang.Object, java.lang.Object, java.lang.Object)'> (0x0000000083c216d0) 
thrown [s\src\hotspot\share\interpreter\linkResolver.cpp, line 771]
Event: 1.658 Thread 0x0000018af531e830 Exception <a 'java/lang/NoSuchMethodError'{0x0000000083c39cc0}: 'void java.lang.invoke.DirectMethodHandle$Holder.invokeSpecial(java.lang.Object, java.lang.Object, java.lang.Object, java.lang.Object, java.lang.Object)'> (0x0000000083c39cc0) 
thrown [s\src\hotspot\share\interpreter\linkResolver.cpp, line 771]
Event: 1.660 Thread 0x0000018af531e830 Exception <a 'java/lang/NoSuchMethodError'{0x0000000083c52258}: 'void java.lang.invoke.DirectMethodHandle$Holder.invokeStaticInit(java.lang.Object, java.lang.Object)'> (0x0000000083c52258) 
thrown [s\src\hotspot\share\interpreter\linkResolver.cpp, line 771]
Event: 1.693 Thread 0x0000018af531e830 Exception <a 'java/lang/NoSuchMethodError'{0x000000008392b218}: 'void java.lang.invoke.DelegatingMethodHandle$Holder.reinvoke_L(java.lang.Object, java.lang.Object, java.lang.Object, java.lang.Object, java.lang.Object, java.lang.Object, java.lang.Object, java.lang.Object, java.lang.Object, java.lang.Object)'> (0x000000008392b218) 
thrown [s\src\hotspot\share\interpreter\linkResolver.cpp, line 771]
Event: 1.693 Thread 0x0000018af531e830 Exception <a 'java/lang/NoSuchMethodError'{0x00000000839337c8}: 'java.lang.Object java.lang.invoke.DirectMethodHandle$Holder.invokeSpecial(java.lang.Object, java.lang.Object, java.lang.Object, java.lang.Object, java.lang.Object, java.lang.Object, java.lang.Object, java.lang.Object, java.lang.Object, java.lang.Object)'> (0x00000000839337c8) 
thrown [s\src\hotspot\share\interpreter\linkResolver.cpp, line 771]
Event: 1.693 Thread 0x0000018af531e830 Exception <a 'java/lang/NoSuchMethodError'{0x0000000083938098}: 'java.lang.Object java.lang.invoke.Invokers$Holder.invoker(java.lang.Object, java.lang.Object, java.lang.Object, java.lang.Object, java.lang.Object, java.lang.Object, java.lang.Object, java.lang.Object, java.lang.Object, java.lang.Object)'> (0x0000000083938098) 
thrown [s\src\hotspot\share\interpreter\linkResolver.cpp, line 771]
Event: 1.694 Thread 0x0000018af531e830 Exception <a 'java/lang/NoSuchMethodError'{0x000000008393dca0}: 'java.lang.Object java.lang.invoke.DirectMethodHandle$Holder.invokeSpecial(java.lang.Object, java.lang.Object, java.lang.Object, java.lang.Object, java.lang.Object, java.lang.Object, java.lang.Object, java.lang.Object, java.lang.Object, java.lang.Object, java.lang.Object)'> (0x000000008393dca0) 
thrown [s\src\hotspot\share\interpreter\linkResolver.cpp, line 771]
Event: 1.764 Thread 0x0000018af531e830 Exception <a 'java/lang/NoSuchMethodError'{0x0000000083261510}: 'java.lang.Object java.lang.invoke.DirectMethodHandle$Holder.newInvokeSpecial(java.lang.Object, java.lang.Object, int)'> (0x0000000083261510) 
thrown [s\src\hotspot\share\interpreter\linkResolver.cpp, line 771]
Event: 1.819 Thread 0x0000018af531e830 Exception <a 'java/lang/NoSuchMethodError'{0x0000000082cceac0}: 'int java.lang.invoke.DirectMethodHandle$Holder.invokeSpecialIFC(java.lang.Object, java.lang.Object, java.lang.Object, java.lang.Object)'> (0x0000000082cceac0) 
thrown [s\src\hotspot\share\interpreter\linkResolver.cpp, line 771]
Event: 1.820 Thread 0x0000018af531e830 Exception <a 'java/lang/NoSuchMethodError'{0x0000000082cdd9b0}: 'java.lang.Object java.lang.invoke.DirectMethodHandle$Holder.invokeInterface(java.lang.Object, java.lang.Object, java.lang.Object)'> (0x0000000082cdd9b0) 
thrown [s\src\hotspot\share\interpreter\linkResolver.cpp, line 771]
Event: 1.820 Thread 0x0000018af531e830 Exception <a 'java/lang/IncompatibleClassChangeError'{0x0000000082ce15c8}: Found class java.lang.Object, but interface was expected> (0x0000000082ce15c8) 
thrown [s\src\hotspot\share\interpreter\linkResolver.cpp, line 838]
Event: 1.831 Thread 0x0000018af531e830 Implicit null exception at 0x0000018adeac6f60 to 0x0000018adeac6ffa
Event: 1.841 Thread 0x0000018af531e830 Exception <a 'java/lang/NoSuchMethodError'{0x0000000082ad1098}: 'int java.lang.invoke.DirectMethodHandle$Holder.invokeStatic(java.lang.Object, java.lang.Object, java.lang.Object, java.lang.Object)'> (0x0000000082ad1098) 
thrown [s\src\hotspot\share\interpreter\linkResolver.cpp, line 771]
Event: 1.841 Thread 0x0000018af531e830 Exception <a 'java/lang/NoSuchMethodError'{0x0000000082ad4cc0}: 'java.lang.Object java.lang.invoke.Invokers$Holder.invokeExact_MT(java.lang.Object, java.lang.Object, java.lang.Object, java.lang.Object, java.lang.Object, java.lang.Object)'> (0x0000000082ad4cc0) 
thrown [s\src\hotspot\share\interpreter\linkResolver.cpp, line 771]
Event: 1.867 Thread 0x0000018af531e830 Exception <a 'java/lang/IncompatibleClassChangeError'{0x00000000827b2bd8}: Found class java.lang.Object, but interface was expected> (0x00000000827b2bd8) 
thrown [s\src\hotspot\share\interpreter\linkResolver.cpp, line 838]
Event: 1.987 Thread 0x0000018af531e830 Exception <a 'java/lang/NoSuchMethodError'{0x00000000be4b8820}: 'int java.lang.invoke.DirectMethodHandle$Holder.invokeStaticInit(java.lang.Object, java.lang.Object, java.lang.Object)'> (0x00000000be4b8820) 
thrown [s\src\hotspot\share\interpreter\linkResolver.cpp, line 771]

VM Operations (20 events):
Event: 1.313 Executing VM operation: HandshakeAllThreads
Event: 1.313 Executing VM operation: HandshakeAllThreads done
Event: 1.448 Executing VM operation: HandshakeAllThreads
Event: 1.448 Executing VM operation: HandshakeAllThreads done
Event: 1.490 Executing VM operation: HandshakeAllThreads
Event: 1.490 Executing VM operation: HandshakeAllThreads done
Event: 1.609 Executing VM operation: CollectForMetadataAllocation
Event: 1.611 Executing VM operation: CollectForMetadataAllocation done
Event: 1.614 Executing VM operation: G1PauseRemark
Event: 1.615 Executing VM operation: G1PauseRemark done
Event: 1.616 Executing VM operation: G1PauseCleanup
Event: 1.616 Executing VM operation: G1PauseCleanup done
Event: 1.680 Executing VM operation: HandshakeAllThreads
Event: 1.680 Executing VM operation: HandshakeAllThreads done
Event: 1.862 Executing VM operation: HandshakeAllThreads
Event: 1.862 Executing VM operation: HandshakeAllThreads done
Event: 1.862 Executing VM operation: HandshakeAllThreads
Event: 1.862 Executing VM operation: HandshakeAllThreads done
Event: 1.949 Executing VM operation: G1CollectForAllocation
Event: 1.954 Executing VM operation: G1CollectForAllocation done

Events (20 events):
Event: 1.878 loading class java/util/Collections$2
Event: 1.878 loading class java/util/Collections$2 done
Event: 1.927 loading class java/util/function/LongFunction
Event: 1.927 loading class java/util/function/LongFunction done
Event: 1.943 loading class java/security/InvalidKeyException
Event: 1.943 loading class java/security/KeyException
Event: 1.943 loading class java/security/KeyException done
Event: 1.943 loading class java/security/InvalidKeyException done
Event: 1.978 loading class java/util/regex/Pattern$Dollar
Event: 1.978 loading class java/util/regex/Pattern$Dollar done
Event: 1.981 loading class java/io/ObjectInputStream
Event: 1.981 loading class java/io/ObjectInput
Event: 1.981 loading class java/io/ObjectInput done
Event: 1.981 loading class java/io/ObjectStreamConstants
Event: 1.981 loading class java/io/ObjectStreamConstants done
Event: 1.982 loading class java/io/ObjectInputStream done
Event: 1.982 loading class java/io/ObjectOutputStream
Event: 1.982 loading class java/io/ObjectOutput
Event: 1.982 loading class java/io/ObjectOutput done
Event: 1.982 loading class java/io/ObjectOutputStream done


Dynamic libraries:
0x00007ff7ae510000 - 0x00007ff7ae51a000 	C:\Program Files\Android\Android Studio1\jbr\bin\java.exe
0x00007ffff4f70000 - 0x00007ffff5168000 	C:\Windows\SYSTEM32\ntdll.dll
0x00007ffff4e60000 - 0x00007ffff4f21000 	C:\Windows\System32\KERNEL32.DLL
0x00007ffff2c00000 - 0x00007ffff2ef6000 	C:\Windows\System32\KERNELBASE.dll
0x00007ffff2a60000 - 0x00007ffff2b60000 	C:\Windows\System32\ucrtbase.dll
0x00007fffe07e0000 - 0x00007fffe07f7000 	C:\Program Files\Android\Android Studio1\jbr\bin\jli.dll
0x00007ffff3390000 - 0x00007ffff352f000 	C:\Windows\System32\USER32.dll
0x00007fffbaec0000 - 0x00007fffbaedb000 	C:\Program Files\Android\Android Studio1\jbr\bin\VCRUNTIME140.dll
0x00007ffff2f70000 - 0x00007ffff2f92000 	C:\Windows\System32\win32u.dll
0x00007fffe1560000 - 0x00007fffe17fa000 	C:\Windows\WinSxS\amd64_microsoft.windows.common-controls_6595b64144ccf1df_6.0.19041.4355_none_60b8b9eb71f62e16\COMCTL32.dll
0x00007ffff49b0000 - 0x00007ffff49db000 	C:\Windows\System32\GDI32.dll
0x00007ffff3eb0000 - 0x00007ffff3f4e000 	C:\Windows\System32\msvcrt.dll
0x00007ffff2860000 - 0x00007ffff2977000 	C:\Windows\System32\gdi32full.dll
0x00007ffff2b60000 - 0x00007ffff2bfd000 	C:\Windows\System32\msvcp_win.dll
0x00007ffff3f50000 - 0x00007ffff3f7f000 	C:\Windows\System32\IMM32.DLL
0x00007fffc4ee0000 - 0x00007fffc4eec000 	C:\Program Files\Android\Android Studio1\jbr\bin\vcruntime140_1.dll
0x00007fff9a8b0000 - 0x00007fff9a93d000 	C:\Program Files\Android\Android Studio1\jbr\bin\msvcp140.dll
0x00007fff6f0e0000 - 0x00007fff6fd63000 	C:\Program Files\Android\Android Studio1\jbr\bin\server\jvm.dll
0x00007ffff3e00000 - 0x00007ffff3eb0000 	C:\Windows\System32\ADVAPI32.dll
0x00007ffff3530000 - 0x00007ffff35d0000 	C:\Windows\System32\sechost.dll
0x00007ffff3f80000 - 0x00007ffff40a3000 	C:\Windows\System32\RPCRT4.dll
0x00007ffff2a30000 - 0x00007ffff2a57000 	C:\Windows\System32\bcrypt.dll
0x00007ffff1b50000 - 0x00007ffff1b9b000 	C:\Windows\SYSTEM32\POWRPROF.dll
0x00007fffe9830000 - 0x00007fffe9839000 	C:\Windows\SYSTEM32\WSOCK32.dll
0x00007fffe5cb0000 - 0x00007fffe5cd7000 	C:\Windows\SYSTEM32\WINMM.dll
0x00007ffff3d90000 - 0x00007ffff3dfb000 	C:\Windows\System32\WS2_32.dll
0x00007fffed9a0000 - 0x00007fffed9aa000 	C:\Windows\SYSTEM32\VERSION.dll
0x00007ffff1a10000 - 0x00007ffff1a22000 	C:\Windows\SYSTEM32\UMPDC.dll
0x00007ffff0e30000 - 0x00007ffff0e42000 	C:\Windows\SYSTEM32\kernel.appcore.dll
0x00007fffef990000 - 0x00007fffef99a000 	C:\Program Files\Android\Android Studio1\jbr\bin\jimage.dll
0x00007ffff0440000 - 0x00007ffff0624000 	C:\Windows\SYSTEM32\DBGHELP.DLL
0x00007fffc3fa0000 - 0x00007fffc3fd4000 	C:\Windows\SYSTEM32\dbgcore.DLL
0x00007ffff27d0000 - 0x00007ffff2852000 	C:\Windows\System32\bcryptPrimitives.dll
0x00007fffe0ac0000 - 0x00007fffe0ace000 	C:\Program Files\Android\Android Studio1\jbr\bin\instrument.dll
0x00007fffec4b0000 - 0x00007fffec4d5000 	C:\Program Files\Android\Android Studio1\jbr\bin\java.dll
0x00007fffede90000 - 0x00007fffedea8000 	C:\Program Files\Android\Android Studio1\jbr\bin\zip.dll
0x00007ffff4190000 - 0x00007ffff48fc000 	C:\Windows\System32\SHELL32.dll
0x00007ffff0680000 - 0x00007ffff0e1e000 	C:\Windows\SYSTEM32\windows.storage.dll
0x00007ffff49e0000 - 0x00007ffff4d33000 	C:\Windows\System32\combase.dll
0x00007ffff2040000 - 0x00007ffff206e000 	C:\Windows\SYSTEM32\Wldp.dll
0x00007ffff35d0000 - 0x00007ffff369d000 	C:\Windows\System32\OLEAUT32.dll
0x00007ffff3060000 - 0x00007ffff310d000 	C:\Windows\System32\SHCORE.dll
0x00007ffff3d20000 - 0x00007ffff3d75000 	C:\Windows\System32\shlwapi.dll
0x00007ffff2550000 - 0x00007ffff2574000 	C:\Windows\SYSTEM32\profapi.dll
0x00007fffe8600000 - 0x00007fffe8619000 	C:\Program Files\Android\Android Studio1\jbr\bin\net.dll
0x00007fffec2f0000 - 0x00007fffec3fa000 	C:\Windows\SYSTEM32\WINHTTP.dll
0x00007ffff1da0000 - 0x00007ffff1e0a000 	C:\Windows\system32\mswsock.dll
0x00007fffe85e0000 - 0x00007fffe85f6000 	C:\Program Files\Android\Android Studio1\jbr\bin\nio.dll
0x00007fffe0b10000 - 0x00007fffe0b20000 	C:\Program Files\Android\Android Studio1\jbr\bin\verify.dll
0x00007fffd19f0000 - 0x00007fffd1a17000 	C:\Users\JJJ_LapTop\.gradle\native\c067742578af261105cb4f569cf0c3c89f3d7b1fecec35dd04571415982c5e48\windows-amd64\native-platform.dll
0x00007fff76940000 - 0x00007fff76a84000 	C:\Users\JJJ_LapTop\.gradle\native\100fb08df4bc3b14c8652ba06237920a3bd2aa13389f12d3474272988ae205f9\windows-amd64\native-platform-file-events.dll
0x00007fffea9e0000 - 0x00007fffea9e9000 	C:\Program Files\Android\Android Studio1\jbr\bin\management.dll
0x00007fffea9b0000 - 0x00007fffea9bb000 	C:\Program Files\Android\Android Studio1\jbr\bin\management_ext.dll
0x00007ffff32c0000 - 0x00007ffff32c8000 	C:\Windows\System32\PSAPI.DLL
0x00007ffff1f90000 - 0x00007ffff1fa8000 	C:\Windows\SYSTEM32\CRYPTSP.dll
0x00007ffff1650000 - 0x00007ffff1684000 	C:\Windows\system32\rsaenh.dll
0x00007ffff2500000 - 0x00007ffff252e000 	C:\Windows\SYSTEM32\USERENV.dll
0x00007ffff1fb0000 - 0x00007ffff1fbc000 	C:\Windows\SYSTEM32\CRYPTBASE.dll
0x00007ffff1a30000 - 0x00007ffff1a6b000 	C:\Windows\SYSTEM32\IPHLPAPI.DLL
0x00007ffff3380000 - 0x00007ffff3388000 	C:\Windows\System32\NSI.dll
0x00007fffed090000 - 0x00007fffed0a7000 	C:\Windows\SYSTEM32\dhcpcsvc6.DLL
0x00007fffed6b0000 - 0x00007fffed6cd000 	C:\Windows\SYSTEM32\dhcpcsvc.DLL
0x00007ffff1a70000 - 0x00007ffff1b3a000 	C:\Windows\SYSTEM32\DNSAPI.dll
0x00007fffec4a0000 - 0x00007fffec4a9000 	C:\Program Files\Android\Android Studio1\jbr\bin\extnet.dll
0x00007fffa9150000 - 0x00007fffa9157000 	C:\Windows\system32\wshunix.dll

dbghelp: loaded successfully - version: 4.0.5 - missing functions: none
symbol engine: initialized successfully - sym options: 0x614 - pdb path: .;C:\Program Files\Android\Android Studio1\jbr\bin;C:\Windows\SYSTEM32;C:\Windows\WinSxS\amd64_microsoft.windows.common-controls_6595b64144ccf1df_6.0.19041.4355_none_60b8b9eb71f62e16;C:\Program Files\Android\Android Studio1\jbr\bin\server;C:\Users\JJJ_LapTop\.gradle\native\c067742578af261105cb4f569cf0c3c89f3d7b1fecec35dd04571415982c5e48\windows-amd64;C:\Users\JJJ_LapTop\.gradle\native\100fb08df4bc3b14c8652ba06237920a3bd2aa13389f12d3474272988ae205f9\windows-amd64

VM Arguments:
jvm_args: --add-opens=java.base/java.util=ALL-UNNAMED --add-opens=java.base/java.lang=ALL-UNNAMED --add-opens=java.base/java.lang.invoke=ALL-UNNAMED --add-opens=java.prefs/java.util.prefs=ALL-UNNAMED --add-exports=jdk.compiler/com.sun.tools.javac.api=ALL-UNNAMED --add-exports=jdk.compiler/com.sun.tools.javac.util=ALL-UNNAMED --add-opens=java.base/java.nio.charset=ALL-UNNAMED --add-opens=java.base/java.net=ALL-UNNAMED --add-opens=java.base/java.util.concurrent.atomic=ALL-UNNAMED -Xmx2048m -Dfile.encoding=UTF-8 -Duser.country=KR -Duser.language=ko -Duser.variant -javaagent:C:\Users\JJJ_LapTop\.gradle\wrapper\dists\gradle-8.9-bin\90cnw93cvbtalezasaz0blq0a\gradle-8.9\lib\agents\gradle-instrumentation-agent-8.9.jar 
java_command: org.gradle.launcher.daemon.bootstrap.GradleDaemon 8.9
java_class_path (initial): C:\Users\JJJ_LapTop\.gradle\wrapper\dists\gradle-8.9-bin\90cnw93cvbtalezasaz0blq0a\gradle-8.9\lib\gradle-daemon-main-8.9.jar
Launcher Type: SUN_STANDARD

[Global flags]
     intx CICompilerCount                          = 12                                        {product} {ergonomic}
     uint ConcGCThreads                            = 3                                         {product} {ergonomic}
     uint G1ConcRefinementThreads                  = 13                                        {product} {ergonomic}
   size_t G1HeapRegionSize                         = 1048576                                   {product} {ergonomic}
    uintx GCDrainStackTargetSize                   = 64                                        {product} {ergonomic}
   size_t InitialHeapSize                          = 1071644672                                {product} {ergonomic}
   size_t MarkStackSize                            = 4194304                                   {product} {ergonomic}
   size_t MaxHeapSize                              = 2147483648                                {product} {command line}
   size_t MaxNewSize                               = 1287651328                                {product} {ergonomic}
   size_t MinHeapDeltaBytes                        = 1048576                                   {product} {ergonomic}
   size_t MinHeapSize                              = 8388608                                   {product} {ergonomic}
    uintx NonNMethodCodeHeapSize                   = 7602480                                {pd product} {ergonomic}
    uintx NonProfiledCodeHeapSize                  = 122027880                              {pd product} {ergonomic}
    uintx ProfiledCodeHeapSize                     = 122027880                              {pd product} {ergonomic}
    uintx ReservedCodeCacheSize                    = 251658240                              {pd product} {ergonomic}
     bool SegmentedCodeCache                       = true                                      {product} {ergonomic}
   size_t SoftMaxHeapSize                          = 2147483648                             {manageable} {ergonomic}
     bool UseCompressedClassPointers               = true                           {product lp64_product} {ergonomic}
     bool UseCompressedOops                        = true                           {product lp64_product} {ergonomic}
     bool UseG1GC                                  = true                                      {product} {ergonomic}
     bool UseLargePagesIndividualAllocation        = false                                  {pd product} {ergonomic}

Logging:
Log output configuration:
 #0: stdout all=warning uptime,level,tags
 #1: stderr all=off uptime,level,tags

Environment Variables:
PATH=C:\Program Files\Common Files\Oracle\Java\javapath;C:\Program Files\NVIDIA GPU Computing Toolkit\CUDA\v11.8\bin;C:\Program Files\NVIDIA GPU Computing Toolkit\CUDA\v11.8\libnvvp;C:\Program Files (x86)\Razer Chroma SDK\bin;C:\Program Files\Razer Chroma SDK\bin;C:\Program Files (x86)\Razer\ChromaBroadcast\bin;C:\Program Files\Razer\ChromaBroadcast\bin;C:\Program Files (x86)\Common Files\Oracle\Java\javapath;C:\Program Files (x86)\Honeywell\Common;C:\Program Files (x86)\NAT Service;C:\Windows\system32;C:\Windows;C:\Windows\System32\Wbem;C:\Windows\System32\WindowsPowerShell\v1.0\;C:\Windows\System32\OpenSSH\;C:\Program Files (x86)\NVIDIA Corporation\PhysX\Common;C:\Program Files\NVIDIA Corporation\NVIDIA NvDLISR;C:\Program Files\MATLAB\R2021b\bin;C:\Windows\system32\config\systemprofile\AppData\Local\Microsoft\WindowsApps;C:\Program Files\dotnet\;C:\Program Files\nodejs\;C:\Program Files\NVIDIA Corporation\Nsight Compute 2022.3.0\;C:\Program Files\Git\cmd;C:\Users\JJJ_LapTop\AppData\Local\Microsoft\WindowsApps;C:\Program Files\Bandizip\;C:\Users\JJJ_LapTop\AppData\Local\afreeca;C:\Users\JJJ_LapTop\.dotnet\tools;C:\Users\JJJ_LapTop\AppData\Local\Programs\Microsoft VS Code\bin;C:\Users\JJJ_LapTop\AppData\Local\Google\Cloud SDK\google-cloud-sdk\bin;C:\Users\JJJ_LapTop\AppData\Roaming\npm
USERNAME=JJJ_LapTop
OS=Windows_NT
PROCESSOR_IDENTIFIER=Intel64 Family 6 Model 165 Stepping 2, GenuineIntel
TMP=C:\Users\JJJ_LA~1\AppData\Local\Temp
TEMP=C:\Users\JJJ_LA~1\AppData\Local\Temp



Periodic native trim disabled

JNI global refs:
JNI global refs: 32, weak refs: 0

JNI global refs memory usage: 843, weak refs: 841

Process memory usage:
Resident Set Size: 190748K (0% of 66962424K total physical memory with 48606868K free physical memory)

OOME stack traces (most recent first):
Classloader memory used:
Loader bootstrap                                                                       : 1908K
Loader org.gradle.internal.classloader.VisitableURLClassLoader                         : 1374K
Loader org.gradle.initialization.MixInLegacyTypesClassLoader                           : 205K
Loader jdk.internal.loader.ClassLoaders$AppClassLoader                                 : 28742B
Loader jdk.internal.loader.ClassLoaders$PlatformClassLoader                            : 16585B
Loader jdk.internal.reflect.DelegatingClassLoader                                      : 3310B

Classes loaded by more than one classloader:
Class org.gradle.internal.installation.GradleInstallation                             : loaded 2 times (x 73B)
Class org.gradle.internal.classpath.ClassPath                                         : loaded 2 times (x 68B)
Class org.gradle.api.internal.classpath.DefaultModuleRegistry                         : loaded 2 times (x 81B)
Class org.gradle.api.Action                                                           : loaded 2 times (x 68B)
Class org.gradle.api.internal.DefaultClassPathProvider                                : loaded 2 times (x 74B)
Class org.gradle.internal.installation.GradleInstallation$1                           : loaded 2 times (x 73B)
Class org.gradle.internal.classloader.FilteringClassLoader                            : loaded 2 times (x 103B)
Class org.gradle.internal.classpath.DefaultClassPath$ImmutableUniqueList$Builder      : loaded 2 times (x 73B)
Class org.gradle.internal.classloader.ClassLoaderVisitor                              : loaded 2 times (x 74B)
Class org.gradle.internal.service.DefaultServiceLocator                               : loaded 2 times (x 81B)
Class org.gradle.internal.service.UnknownServiceException                             : loaded 2 times (x 81B)
Class org.gradle.internal.classloader.DefaultClassLoaderFactory                       : loaded 2 times (x 80B)
Class org.gradle.internal.classloader.VisitableURLClassLoader$Spec                    : loaded 2 times (x 72B)
Class org.gradle.api.GradleException                                                  : loaded 2 times (x 80B)
Class org.gradle.api.internal.classpath.ModuleRegistry                                : loaded 2 times (x 68B)
Class org.gradle.api.internal.ClassPathProvider                                       : loaded 2 times (x 68B)
Class org.gradle.internal.classloader.ClasspathUtil$1                                 : loaded 2 times (x 74B)
Class org.gradle.internal.classloader.ClassLoaderFactory                              : loaded 2 times (x 68B)
Class org.gradle.api.internal.classpath.ManifestUtil                                  : loaded 2 times (x 69B)
Class org.gradle.api.specs.Spec                                                       : loaded 2 times (x 68B)
Class org.gradle.internal.IoActions                                                   : loaded 2 times (x 69B)
Class org.gradle.api.internal.classpath.EffectiveClassPath                            : loaded 2 times (x 88B)
Class org.gradle.internal.installation.CurrentGradleInstallation                      : loaded 2 times (x 71B)
Class org.gradle.internal.agents.InstrumentingClassLoader                             : loaded 2 times (x 68B)
Class org.gradle.internal.installation.CurrentGradleInstallationLocator               : loaded 2 times (x 69B)
Class org.gradle.api.internal.classpath.Module                                        : loaded 2 times (x 68B)
Class org.gradle.internal.service.CachingServiceLocator                               : loaded 2 times (x 80B)
Class org.gradle.internal.classpath.DefaultClassPath                                  : loaded 2 times (x 88B)
Class org.gradle.internal.classloader.SystemClassLoaderSpec                           : loaded 2 times (x 69B)
Class org.gradle.api.UncheckedIOException                                             : loaded 2 times (x 80B)
Class org.gradle.internal.classloader.ClasspathUtil                                   : loaded 2 times (x 69B)
Class org.gradle.api.internal.DefaultClassPathRegistry                                : loaded 2 times (x 74B)
Class org.gradle.api.internal.classpath.DefaultModuleRegistry$DefaultModule           : loaded 2 times (x 84B)
Class org.gradle.api.internal.classpath.UnknownModuleException                        : loaded 2 times (x 80B)
Class org.gradle.internal.service.ServiceLookupException                              : loaded 2 times (x 80B)
Class [Lorg.gradle.api.internal.ClassPathProvider;                                    : loaded 2 times (x 67B)
Class org.gradle.util.internal.GUtil                                                  : loaded 2 times (x 69B)
Class org.gradle.internal.classloader.ClassLoaderSpec                                 : loaded 2 times (x 69B)
Class org.gradle.internal.classloader.VisitableURLClassLoader                         : loaded 2 times (x 115B)
Class org.gradle.internal.Cast                                                        : loaded 2 times (x 69B)
Class org.gradle.api.internal.ClassPathRegistry                                       : loaded 2 times (x 68B)
Class org.gradle.internal.classloader.VisitableURLClassLoader$InstrumentingVisitableURLClassLoader: loaded 2 times (x 121B)
Class org.gradle.internal.classloader.ClassLoaderHierarchy                            : loaded 2 times (x 68B)
Class org.gradle.internal.InternalTransformer                                         : loaded 2 times (x 68B)
Class org.gradle.internal.service.ServiceLocator                                      : loaded 2 times (x 68B)
Class org.gradle.internal.classpath.DefaultClassPath$ImmutableUniqueList              : loaded 2 times (x 159B)
Class org.gradle.internal.classpath.TransformedClassPath                              : loaded 2 times (x 94B)


---------------  S Y S T E M  ---------------

OS:
 Windows 10 , 64 bit Build 19041 (10.0.19041.4597)
OS uptime: 0 days 3:59 hours

CPU: total 16 (initial active 16) (8 cores per cpu, 2 threads per core) family 6 model 165 stepping 2 microcode 0xc8, cx8, cmov, fxsr, ht, mmx, 3dnowpref, sse, sse2, sse3, ssse3, sse4.1, sse4.2, popcnt, lzcnt, tsc, tscinvbit, avx, avx2, aes, erms, clmul, bmi1, bmi2, adx, fma, vzeroupper, clflush, clflushopt
Processor Information for all 16 processors :
  Max Mhz: 2304, Current Mhz: 2304, Mhz Limit: 2304

Memory: 4k page, system-wide physical 65392M (47467M free)
TotalPageFile size 75120M (AvailPageFile size 54556M)
current process WorkingSet (physical memory assigned to process): 186M, peak: 188M
current process commit charge ("private bytes"): 245M, peak: 1204M

vm_info: OpenJDK 64-Bit Server VM (17.0.11+0--11852314) for windows-amd64 JRE (17.0.11+0--11852314), built on May 16 2024 21:29:20 by "androidbuild" with MS VC++ 16.10 / 16.11 (VS2019)

END.
